Scan 001 (11),nuevo,D:\simplesoft\admin.30\imagenes\Scan 001 (11).pdf.pcl,gardado bd
517823X,nuevo,D:\simplesoft\admin.30\imagenes\517823X.pdf.pcl,gardado bd
3CL0253,nuevo,D:\simplesoft\admin.30\imagenes\3CL0253.pdf.pcl,gardado bd
3CL0254,nuevo,D:\simplesoft\admin.30\imagenes\3CL0254.pdf.pcl,gardado bd
3CL0493,nuevo,D:\simplesoft\admin.30\imagenes\3CL0493.pdf.pcl,gardado bd
3CL0117,nuevo,D:\simplesoft\admin.30\imagenes\3CL0117.pdf.pcl,gardado bd
3CL0365,nuevo,D:\simplesoft\admin.30\imagenes\3CL0365.pdf.pcl,gardado bd
3CL0567,nuevo,D:\simplesoft\admin.30\imagenes\3CL0567.pdf.pcl,gardado bd
3CL0134,nuevo,D:\simplesoft\admin.30\imagenes\3CL0134.pdf.pcl,gardado bd
3CL0181-URUGUAY,nuevo,D:\simplesoft\admin.30\imagenes\3CL0181-URUGUAY.pdf.pcl,gardado bd
3CL0363,nuevo,D:\simplesoft\admin.30\imagenes\3CL0363.pdf.pcl,gardado bd
3CL0468,nuevo,D:\simplesoft\admin.30\imagenes\3CL0468.pdf.pcl,gardado bd
3CL0058,nuevo,D:\simplesoft\admin.30\imagenes\3CL0058.pdf.pcl,gardado bd
517825,nuevo,D:\simplesoft\admin.30\imagenes\517825.pdf.pcl,gardado bd
12N0310,nuevo,D:\simplesoft\admin.30\imagenes\12N0310.pdf.pcl,gardado bd
5120143A,nuevo,D:\simplesoft\admin.30\imagenes\5120143A.pdf.pcl,gardado bd
5140163A,nuevo,D:\simplesoft\admin.30\imagenes\5140163A.pdf.pcl,gardado bd
V1001A14,nuevo,D:\simplesoft\admin.30\imagenes\V1001A14.pdf.pcl,gardado bd
V1002A01,nuevo,D:\simplesoft\admin.30\imagenes\V1002A01.pdf.pcl,gardado bd
V1002A05,nuevo,D:\simplesoft\admin.30\imagenes\V1002A05.pdf.pcl,gardado bd
3CL0608,nuevo,D:\simplesoft\admin.30\imagenes\3CL0608.pdf.pcl,gardado bd
250524,nuevo,D:\simplesoft\admin.30\imagenes\250524.pdf.pcl,gardado bd
307123,nuevo,D:\simplesoft\admin.30\imagenes\307123.pdf.pcl,gardado bd
D3S715,nuevo,D:\simplesoft\admin.30\imagenes\D3S715.pdf.pcl,gardado bd
247880,nuevo,D:\simplesoft\admin.30\imagenes\247880.pdf.pcl,gardado bd
248115,nuevo,D:\simplesoft\admin.30\imagenes\248115.pdf.pcl,gardado bd
251132,nuevo,D:\simplesoft\admin.30\imagenes\251132.pdf.pcl,gardado bd
3CL0107,nuevo,D:\simplesoft\admin.30\imagenes\3CL0107.pdf.pcl,gardado bd
3CL0461,nuevo,D:\simplesoft\admin.30\imagenes\3CL0461.pdf.pcl,gardado bd
12C103,nuevo,D:\simplesoft\admin.30\imagenes\12C103.pdf.pcl,gardado bd
12C146,nuevo,D:\simplesoft\admin.30\imagenes\12C146.pdf.pcl,gardado bd
12C147,nuevo,D:\simplesoft\admin.30\imagenes\12C147.pdf.pcl,gardado bd
12L063,nuevo,D:\simplesoft\admin.30\imagenes\12L063.pdf.pcl,gardado bd
12L066,nuevo,D:\simplesoft\admin.30\imagenes\12L066.pdf.pcl,gardado bd
12L068,nuevo,D:\simplesoft\admin.30\imagenes\12L068.pdf.pcl,gardado bd
13a109,nuevo,D:\simplesoft\admin.30\imagenes\13a109.pdf.pcl,gardado bd
AFFQ008,nuevo,D:\simplesoft\admin.30\imagenes\AFFQ008.pdf.pcl,gardado bd
AFFQ010,nuevo,D:\simplesoft\admin.30\imagenes\AFFQ010.pdf.pcl,gardado bd
AFFQ016,nuevo,D:\simplesoft\admin.30\imagenes\AFFQ016.pdf.pcl,gardado bd
252115,nuevo,D:\simplesoft\admin.30\imagenes\252115.pdf.pcl,gardado bd
12C151,nuevo,D:\simplesoft\admin.30\imagenes\12C151.pdf.pcl,gardado bd
12J040,nuevo,D:\simplesoft\admin.30\imagenes\12J040.pdf.pcl,gardado bd
12J041,nuevo,D:\simplesoft\admin.30\imagenes\12J041.pdf.pcl,gardado bd
12L069,nuevo,D:\simplesoft\admin.30\imagenes\12L069.pdf.pcl,gardado bd
13A120,nuevo,D:\simplesoft\admin.30\imagenes\13A120.pdf.pcl,gardado bd
250602,nuevo,D:\simplesoft\admin.30\imagenes\250602.pdf.pcl,gardado bd
N001,nuevo,D:\simplesoft\admin.30\imagenes\N001.pdf.pcl,gardado bd
3CL 0017,nuevo,D:\simplesoft\admin.30\imagenes\3CL 0017.pdf.pcl,gardado bd
3CL0018,nuevo,D:\simplesoft\admin.30\imagenes\3CL0018.pdf.pcl,gardado bd
3CL0042,nuevo,D:\simplesoft\admin.30\imagenes\3CL0042.pdf.pcl,gardado bd
0330113,nuevo,D:\simplesoft\admin.30\imagenes\0330113.pdf.pcl,gardado bd
0340113,nuevo,D:\simplesoft\admin.30\imagenes\0340113.pdf.pcl,gardado bd
1570312,nuevo,D:\simplesoft\admin.30\imagenes\1570312.pdf.pcl,gardado bd
4961012-1,nuevo,D:\simplesoft\admin.30\imagenes\4961012-1.pdf.pcl,gardado bd
6961112-1,nuevo,D:\simplesoft\admin.30\imagenes\6961112-1.pdf.pcl,gardado bd
6971112,nuevo,D:\simplesoft\admin.30\imagenes\6971112.pdf.pcl,gardado bd
6611112-1,nuevo,D:\simplesoft\admin.30\imagenes\6611112-1.pdf.pcl,gardado bd
6621112,nuevo,D:\simplesoft\admin.30\imagenes\6621112.pdf.pcl,gardado bd
2F563A,nuevo,D:\simplesoft\admin.30\imagenes\2F563A.pdf.pcl,gardado bd
2F615A,nuevo,D:\simplesoft\admin.30\imagenes\2F615A.pdf.pcl,gardado bd
2F642A,nuevo,D:\simplesoft\admin.30\imagenes\2F642A.pdf.pcl,gardado bd
2F735A,nuevo,D:\simplesoft\admin.30\imagenes\2F735A.pdf.pcl,gardado bd
3F826A,nuevo,D:\simplesoft\admin.30\imagenes\3F826A.pdf.pcl,gardado bd
3F874A,nuevo,D:\simplesoft\admin.30\imagenes\3F874A.pdf.pcl,gardado bd
2F593A,nuevo,D:\simplesoft\admin.30\imagenes\2F593A.pdf.pcl,gardado bd
C3S055,nuevo,D:\simplesoft\admin.30\imagenes\C3S055.pdf.pcl,gardado bd
C3S955,nuevo,D:\simplesoft\admin.30\imagenes\C3S955.pdf.pcl,gardado bd
C3S956,nuevo,D:\simplesoft\admin.30\imagenes\C3S956.pdf.pcl,gardado bd
D2Q842,nuevo,D:\simplesoft\admin.30\imagenes\D2Q842.pdf.pcl,gardado bd
D3S958,nuevo,D:\simplesoft\admin.30\imagenes\D3S958.pdf.pcl,gardado bd
C3S930,nuevo,D:\simplesoft\admin.30\imagenes\C3S930.pdf.pcl,gardado bd
C3S932,nuevo,D:\simplesoft\admin.30\imagenes\C3S932.pdf.pcl,gardado bd
C3S240,nuevo,D:\simplesoft\admin.30\imagenes\C3S240.pdf.pcl,gardado bd
C3S242,nuevo,D:\simplesoft\admin.30\imagenes\C3S242.pdf.pcl,gardado bd
C3S989,nuevo,D:\simplesoft\admin.30\imagenes\C3S989.pdf.pcl,gardado bd
C3S993,nuevo,D:\simplesoft\admin.30\imagenes\C3S993.pdf.pcl,gardado bd
D3S992,nuevo,D:\simplesoft\admin.30\imagenes\D3S992.pdf.pcl,gardado bd
D3S992dorso,nuevo,D:\simplesoft\admin.30\imagenes\D3S992dorso.pdf.pcl,gardado bd
2A405,nuevo,D:\simplesoft\admin.30\imagenes\2A405.pdf.pcl,gardado bd
2A751,nuevo,D:\simplesoft\admin.30\imagenes\2A751.pdf.pcl,gardado bd
2A803,nuevo,D:\simplesoft\admin.30\imagenes\2A803.pdf.pcl,gardado bd
2A819,nuevo,D:\simplesoft\admin.30\imagenes\2A819.pdf.pcl,gardado bd
1G24U,nuevo,D:\simplesoft\admin.30\imagenes\1G24U.pdf.pcl,gardado bd
2GD1C,nuevo,D:\simplesoft\admin.30\imagenes\2GD1C.pdf.pcl,gardado bd
2G48A,nuevo,D:\simplesoft\admin.30\imagenes\2G48A.pdf.pcl,gardado bd
2GM5A,nuevo,D:\simplesoft\admin.30\imagenes\2GM5A.pdf.pcl,gardado bd
3CL0111,nuevo,D:\simplesoft\admin.30\imagenes\3CL0111.pdf.pcl,gardado bd
3CL0112,nuevo,D:\simplesoft\admin.30\imagenes\3CL0112.pdf.pcl,gardado bd
3CL0118,nuevo,D:\simplesoft\admin.30\imagenes\3CL0118.pdf.pcl,gardado bd
3CL0119,nuevo,D:\simplesoft\admin.30\imagenes\3CL0119.pdf.pcl,gardado bd
3CL0131,nuevo,D:\simplesoft\admin.30\imagenes\3CL0131.pdf.pcl,gardado bd
3CL0143,nuevo,D:\simplesoft\admin.30\imagenes\3CL0143.pdf.pcl,gardado bd
3CL0181,nuevo,D:\simplesoft\admin.30\imagenes\3CL0181.pdf.pcl,gardado bd
3CL0182,nuevo,D:\simplesoft\admin.30\imagenes\3CL0182.pdf.pcl,gardado bd
3CL0183,nuevo,D:\simplesoft\admin.30\imagenes\3CL0183.pdf.pcl,gardado bd
3CL0184,nuevo,D:\simplesoft\admin.30\imagenes\3CL0184.pdf.pcl,gardado bd
3CL0356,nuevo,D:\simplesoft\admin.30\imagenes\3CL0356.pdf.pcl,gardado bd
3CL0357,nuevo,D:\simplesoft\admin.30\imagenes\3CL0357.pdf.pcl,gardado bd
3CL0358,nuevo,D:\simplesoft\admin.30\imagenes\3CL0358.pdf.pcl,gardado bd
3CL0359,nuevo,D:\simplesoft\admin.30\imagenes\3CL0359.pdf.pcl,gardado bd
3CL0363,ya exite,D:\simplesoft\admin.30\imagenes\3CL0363.pdf.pcl
3CL0468,ya exite,D:\simplesoft\admin.30\imagenes\3CL0468.pdf.pcl
3CL0614,nuevo,D:\simplesoft\admin.30\imagenes\3CL0614.pdf.pcl,gardado bd
3CL0615,nuevo,D:\simplesoft\admin.30\imagenes\3CL0615.pdf.pcl,gardado bd
3CL0616,nuevo,D:\simplesoft\admin.30\imagenes\3CL0616.pdf.pcl,gardado bd
3CL0416,nuevo,D:\simplesoft\admin.30\imagenes\3CL0416.pdf.pcl,gardado bd
3CL0026,nuevo,D:\simplesoft\admin.30\imagenes\3CL0026.pdf.pcl,gardado bd
3CL0027,nuevo,D:\simplesoft\admin.30\imagenes\3CL0027.pdf.pcl,gardado bd
3CL0440,nuevo,D:\simplesoft\admin.30\imagenes\3CL0440.pdf.pcl,gardado bd
3CL0029,nuevo,D:\simplesoft\admin.30\imagenes\3CL0029.pdf.pcl,gardado bd
3CL0030,nuevo,D:\simplesoft\admin.30\imagenes\3CL0030.pdf.pcl,gardado bd
3CL0031,nuevo,D:\simplesoft\admin.30\imagenes\3CL0031.pdf.pcl,gardado bd
3CL0032,nuevo,D:\simplesoft\admin.30\imagenes\3CL0032.pdf.pcl,gardado bd
3CL0033,nuevo,D:\simplesoft\admin.30\imagenes\3CL0033.pdf.pcl,gardado bd
3CL0351,nuevo,D:\simplesoft\admin.30\imagenes\3CL0351.pdf.pcl,gardado bd
3CL0352,nuevo,D:\simplesoft\admin.30\imagenes\3CL0352.pdf.pcl,gardado bd
3CL0354,nuevo,D:\simplesoft\admin.30\imagenes\3CL0354.pdf.pcl,gardado bd
3CL0430,nuevo,D:\simplesoft\admin.30\imagenes\3CL0430.pdf.pcl,gardado bd
3CL0431,nuevo,D:\simplesoft\admin.30\imagenes\3CL0431.pdf.pcl,gardado bd
3CL0477,nuevo,D:\simplesoft\admin.30\imagenes\3CL0477.pdf.pcl,gardado bd
3CL0203,nuevo,D:\simplesoft\admin.30\imagenes\3CL0203.pdf.pcl,gardado bd
3CL0204,nuevo,D:\simplesoft\admin.30\imagenes\3CL0204.pdf.pcl,gardado bd
3CL0201,nuevo,D:\simplesoft\admin.30\imagenes\3CL0201.pdf.pcl,gardado bd
3CL0202,nuevo,D:\simplesoft\admin.30\imagenes\3CL0202.pdf.pcl,gardado bd
3CL0196,nuevo,D:\simplesoft\admin.30\imagenes\3CL0196.pdf.pcl,gardado bd
3CL0197,nuevo,D:\simplesoft\admin.30\imagenes\3CL0197.pdf.pcl,gardado bd
3CL0198,nuevo,D:\simplesoft\admin.30\imagenes\3CL0198.pdf.pcl,gardado bd
3CL0213,nuevo,D:\simplesoft\admin.30\imagenes\3CL0213.pdf.pcl,gardado bd
3CL0416,ya exite,D:\simplesoft\admin.30\imagenes\3CL0416.pdf.pcl
3CL0103,nuevo,D:\simplesoft\admin.30\imagenes\3CL0103.pdf.pcl,gardado bd
310242,nuevo,D:\simplesoft\admin.30\imagenes\310242.pdf.pcl,gardado bd
3CL0016,nuevo,D:\simplesoft\admin.30\imagenes\3CL0016.pdf.pcl,gardado bd
3CL0038,nuevo,D:\simplesoft\admin.30\imagenes\3CL0038.pdf.pcl,gardado bd
3CL0120,nuevo,D:\simplesoft\admin.30\imagenes\3CL0120.pdf.pcl,gardado bd
3CL0021,nuevo,D:\simplesoft\admin.30\imagenes\3CL0021.pdf.pcl,gardado bd
3CL0022,nuevo,D:\simplesoft\admin.30\2\3CL0022.pdf.pcl,gardado bd
3CL0454,nuevo,D:\simplesoft\admin.30\2\3CL0454.pdf.pcl,gardado bd
2V7531,nuevo,D:\simplesoft\admin.30\2\2V7531.pdf.pcl,gardado bd
310463,nuevo,D:\simplesoft\admin.30\2\310463.pdf.pcl,gardado bd
3CL0014,nuevo,D:\simplesoft\admin.30\2\3CL0014.pdf.pcl,gardado bd
3CL0015,nuevo,D:\simplesoft\admin.30\2\3CL0015.pdf.pcl,gardado bd
3CL0277,nuevo,D:\simplesoft\admin.30\2\3CL0277.pdf.pcl,gardado bd
3CL0012,nuevo,D:\simplesoft\admin.30\2\3CL0012.pdf.pcl,gardado bd
3CL0013,nuevo,D:\simplesoft\admin.30\2\3CL0013.pdf.pcl,gardado bd
3CL0233,nuevo,D:\simplesoft\admin.30\2\3CL0233.PDF.pcl,gardado bd
3CL0294,nuevo,D:\simplesoft\admin.30\2\3CL0294.pdf.pcl,gardado bd
3CL0295,nuevo,D:\simplesoft\admin.30\2\3CL0295.pdf.pcl,gardado bd
3CL0296,nuevo,D:\simplesoft\admin.30\2\3CL0296.pdf.pcl,gardado bd
3CL0297,nuevo,D:\simplesoft\admin.30\2\3CL0297.pdf.pcl,gardado bd
3CL0274,nuevo,D:\simplesoft\admin.30\2\3CL0274.pdf.pcl,gardado bd
3CL0276,nuevo,D:\simplesoft\admin.30\2\3CL0276.pdf.pcl,gardado bd
C120075,nuevo,D:\simplesoft\admin.30\2\C120075.pdf.pcl,gardado bd
C120111,nuevo,D:\simplesoft\admin.30\2\C120111.pdf.pcl,gardado bd
C130025,nuevo,D:\simplesoft\admin.30\2\C130025.pdf.pcl,gardado bd
C2042A02,nuevo,D:\simplesoft\admin.30\2\C2042A02.pdf.pcl,gardado bd
C2054Y01,nuevo,D:\simplesoft\admin.30\2\C2054Y01.pdf.pcl,gardado bd
3CL0671,nuevo,D:\simplesoft\admin.30\2\3CL0671.pdf.pcl,gardado bd
2SA01,nuevo,D:\simplesoft\admin.30\2\2SA01.pdf.pcl,gardado bd
2SM61,nuevo,D:\simplesoft\admin.30\2\2SM61.pdf.pcl,gardado bd
2SM71,nuevo,D:\simplesoft\admin.30\2\2SM71.pdf.pcl,gardado bd
2SN01,nuevo,D:\simplesoft\admin.30\2\2SN01.pdf.pcl,gardado bd
2SN06,nuevo,D:\simplesoft\admin.30\2\2SN06.pdf.pcl,gardado bd
2SN17,nuevo,D:\simplesoft\admin.30\2\2SN17.pdf.pcl,gardado bd
2SN99,nuevo,D:\simplesoft\admin.30\2\2SN99.pdf.pcl,gardado bd
2SV18,nuevo,D:\simplesoft\admin.30\2\2SV18.pdf.pcl,gardado bd
3SA00,nuevo,D:\simplesoft\admin.30\2\3SA00.pdf.pcl,gardado bd
3SA02,nuevo,D:\simplesoft\admin.30\2\3SA02.pdf.pcl,gardado bd
3SA04,nuevo,D:\simplesoft\admin.30\2\3SA04.pdf.pcl,gardado bd
2SM47,nuevo,D:\simplesoft\admin.30\2\2SM47.pdf.pcl,gardado bd
2SM50,nuevo,D:\simplesoft\admin.30\2\2SM50.pdf.pcl,gardado bd
2SV31,nuevo,D:\simplesoft\admin.30\2\2SV31.pdf.pcl,gardado bd
2SV41,nuevo,D:\simplesoft\admin.30\2\2SV41.pdf.pcl,gardado bd
2SM19,nuevo,D:\simplesoft\admin.30\2\2SM19.pdf.pcl,gardado bd
2SM22,nuevo,D:\simplesoft\admin.30\2\2SM22.pdf.pcl,gardado bd
2SV07,nuevo,D:\simplesoft\admin.30\2\2SV07.pdf.pcl,gardado bd
45A548,nuevo,D:\simplesoft\admin.30\2\45A548.pdf.pcl,gardado bd
42A547,nuevo,D:\simplesoft\admin.30\2\42A547.pdf.pcl,gardado bd
A120296,nuevo,D:\simplesoft\admin.30\2\A120296.pdf.pcl,gardado bd
A120565,nuevo,D:\simplesoft\admin.30\2\A120565.pdf.pcl,gardado bd
A120695,nuevo,D:\simplesoft\admin.30\2\A120695.pdf.pcl,gardado bd
K2003H09,nuevo,D:\simplesoft\admin.30\2\K2003H09.pdf.pcl,gardado bd
3CL0023,nuevo,D:\simplesoft\admin.30\2\3CL0023.pdf.pcl,gardado bd
3CL0024,nuevo,D:\simplesoft\admin.30\2\3CL0024.pdf.pcl,gardado bd
2A801,nuevo,D:\simplesoft\admin.30\2\2A801.pdf.pcl,gardado bd
2A851,nuevo,D:\simplesoft\admin.30\2\2A851.pdf.pcl,gardado bd
3CL0208,nuevo,D:\simplesoft\admin.30\2\3CL0208.pdf.pcl,gardado bd
3CL0209,nuevo,D:\simplesoft\admin.30\2\3CL0209.pdf.pcl,gardado bd
3CL0466,nuevo,D:\simplesoft\admin.30\2\3CL0466.pdf.pcl,gardado bd
2A411,nuevo,D:\simplesoft\admin.30\2\2A411.pdf.pcl,gardado bd
2A471,nuevo,D:\simplesoft\admin.30\2\2A471.pdf.pcl,gardado bd
2A322,nuevo,D:\simplesoft\admin.30\2\2A322.pdf.pcl,gardado bd
2A323,nuevo,D:\simplesoft\admin.30\2\2A323.pdf.pcl,gardado bd
2A324,nuevo,D:\simplesoft\admin.30\2\2A324.pdf.pcl,gardado bd
2A335,nuevo,D:\simplesoft\admin.30\2\2A335.pdf.pcl,gardado bd
2A336,nuevo,D:\simplesoft\admin.30\2\2A336.pdf.pcl,gardado bd
2A346,nuevo,D:\simplesoft\admin.30\2\2A346.pdf.pcl,gardado bd
2A347,nuevo,D:\simplesoft\admin.30\2\2A347.pdf.pcl,gardado bd
2A541,nuevo,D:\simplesoft\admin.30\2\2A541.pdf.pcl,gardado bd
2A580,nuevo,D:\simplesoft\admin.30\2\2A580.pdf.pcl,gardado bd
2A620,nuevo,D:\simplesoft\admin.30\2\2A620.pdf.pcl,gardado bd
3CL0220,nuevo,D:\simplesoft\admin.30\2\3CL0220.pdf.pcl,gardado bd
3CL0039,nuevo,D:\simplesoft\admin.30\2\3CL0039.pdf.pcl,gardado bd
3CL0040,nuevo,D:\simplesoft\admin.30\2\3CL0040.pdf.pcl,gardado bd
3CL0110,nuevo,D:\simplesoft\admin.30\2\3CL0110.pdf.pcl,gardado bd
3CL0113,nuevo,D:\simplesoft\admin.30\2\3CL0113.pdf.pcl,gardado bd
3CL0114,nuevo,D:\simplesoft\admin.30\2\3CL0114.pdf.pcl,gardado bd
3CL0115,nuevo,D:\simplesoft\admin.30\2\3CL0115.pdf.pcl,gardado bd
3CL0116,nuevo,D:\simplesoft\admin.30\2\3CL0116.pdf.pcl,gardado bd
3CL0135,nuevo,D:\simplesoft\admin.30\2\3CL0135.pdf.pcl,gardado bd
3CL0136,nuevo,D:\simplesoft\admin.30\2\3CL0136.pdf.pcl,gardado bd
3CL0137,nuevo,D:\simplesoft\admin.30\2\3CL0137.pdf.pcl,gardado bd
3CL0138,nuevo,D:\simplesoft\admin.30\2\3CL0138.pdf.pcl,gardado bd
3CL0139,nuevo,D:\simplesoft\admin.30\2\3CL0139.pdf.pcl,gardado bd
3CL0140,nuevo,D:\simplesoft\admin.30\2\3CL0140.pdf.pcl,gardado bd
3CL0306,nuevo,D:\simplesoft\admin.30\2\3CL0306.pdf.pcl,gardado bd
3CL0307,nuevo,D:\simplesoft\admin.30\2\3CL0307.pdf.pcl,gardado bd
3CL0308,nuevo,D:\simplesoft\admin.30\2\3CL0308.pdf.pcl,gardado bd
3CL0309,nuevo,D:\simplesoft\admin.30\2\3CL0309.pdf.pcl,gardado bd
3CL0310,nuevo,D:\simplesoft\admin.30\2\3CL0310.pdf.pcl,gardado bd
3CL0312,nuevo,D:\simplesoft\admin.30\2\3CL0312.pdf.pcl,gardado bd
3CL0315,nuevo,D:\simplesoft\admin.30\2\3CL0315.pdf.pcl,gardado bd
3CL0587,nuevo,D:\simplesoft\admin.30\2\3CL0587.PDF.pcl,gardado bd
3CL0588,nuevo,D:\simplesoft\admin.30\2\3CL0588.pdf.pcl,gardado bd
3CL0589,nuevo,D:\simplesoft\admin.30\2\3CL0589.pdf.pcl,gardado bd
3CL0595,nuevo,D:\simplesoft\admin.30\2\3CL0595.pdf.pcl,gardado bd
3CL0596,nuevo,D:\simplesoft\admin.30\2\3CL0596.pdf.pcl,gardado bd
3CL0680,nuevo,D:\simplesoft\admin.30\2\3CL0680.pdf.pcl,gardado bd
3CL0681,nuevo,D:\simplesoft\admin.30\2\3CL0681.pdf.pcl,gardado bd
3CL0695,nuevo,D:\simplesoft\admin.30\2\3CL0695.pdf.pcl,gardado bd
3CL0668,nuevo,D:\simplesoft\admin.30\2\3CL0668.pdf.pcl,gardado bd
3CL0070,nuevo,D:\simplesoft\admin.30\2\3CL0070.pdf.pcl,gardado bd
A130019,nuevo,D:\simplesoft\admin.30\2\A130019.pdf.pcl,gardado bd
2A117,nuevo,D:\simplesoft\admin.30\2\2A117.pdf.pcl,gardado bd
2R070,nuevo,D:\simplesoft\admin.30\2\2R070.pdf.pcl,gardado bd
2Y011,nuevo,D:\simplesoft\admin.30\2\2Y011.pdf.pcl,gardado bd
Scan 001 (11),ya exite,D:\simplesoft\admin.30\2\Scan 001 (11).pdf.pcl
517823X,ya exite,D:\simplesoft\admin.30\2\517823X.pdf.pcl
3CL0253,ya exite,D:\simplesoft\admin.30\2\3CL0253.pdf.pcl
3CL0254,ya exite,D:\simplesoft\admin.30\2\3CL0254.pdf.pcl
3CL0493,ya exite,D:\simplesoft\admin.30\2\3CL0493.pdf.pcl
3CL0117,ya exite,D:\simplesoft\admin.30\2\3CL0117.pdf.pcl
3CL0365,ya exite,D:\simplesoft\admin.30\2\3CL0365.pdf.pcl
3CL0567,ya exite,D:\simplesoft\admin.30\2\3CL0567.pdf.pcl
3CL0134,ya exite,D:\simplesoft\admin.30\2\3CL0134.pdf.pcl
3CL0181-URUGUAY,ya exite,D:\simplesoft\admin.30\2\3CL0181-URUGUAY.pdf.pcl
3CL0363,ya exite,D:\simplesoft\admin.30\2\3CL0363.pdf.pcl
3CL0468,ya exite,D:\simplesoft\admin.30\2\3CL0468.pdf.pcl
3CL0058,ya exite,D:\simplesoft\admin.30\2\3CL0058.pdf.pcl
517825,ya exite,D:\simplesoft\admin.30\2\517825.pdf.pcl
12N0310,ya exite,D:\simplesoft\admin.30\2\12N0310.pdf.pcl
5120143A,ya exite,D:\simplesoft\admin.30\2\5120143A.pdf.pcl
5140163A,ya exite,D:\simplesoft\admin.30\2\5140163A.pdf.pcl
V1001A14,ya exite,D:\simplesoft\admin.30\2\V1001A14.pdf.pcl
V1002A01,ya exite,D:\simplesoft\admin.30\2\V1002A01.pdf.pcl
V1002A05,ya exite,D:\simplesoft\admin.30\2\V1002A05.pdf.pcl
3CL0608,ya exite,D:\simplesoft\admin.30\2\3CL0608.pdf.pcl
250524,ya exite,D:\simplesoft\admin.30\2\250524.pdf.pcl
307123,ya exite,D:\simplesoft\admin.30\2\307123.pdf.pcl
D3S715,ya exite,D:\simplesoft\admin.30\2\D3S715.pdf.pcl
247880,ya exite,D:\simplesoft\admin.30\2\247880.pdf.pcl
248115,ya exite,D:\simplesoft\admin.30\2\248115.pdf.pcl
251132,ya exite,D:\simplesoft\admin.30\2\251132.pdf.pcl
3CL0107,ya exite,D:\simplesoft\admin.30\2\3CL0107.pdf.pcl
3CL0461,ya exite,D:\simplesoft\admin.30\2\3CL0461.pdf.pcl
12C103,ya exite,D:\simplesoft\admin.30\2\12C103.pdf.pcl
12C146,ya exite,D:\simplesoft\admin.30\2\12C146.pdf.pcl
12C147,ya exite,D:\simplesoft\admin.30\2\12C147.pdf.pcl
12L063,ya exite,D:\simplesoft\admin.30\2\12L063.pdf.pcl
12L066,ya exite,D:\simplesoft\admin.30\2\12L066.pdf.pcl
12L068,ya exite,D:\simplesoft\admin.30\2\12L068.pdf.pcl
13a109,ya exite,D:\simplesoft\admin.30\2\13a109.pdf.pcl
AFFQ008,ya exite,D:\simplesoft\admin.30\2\AFFQ008.pdf.pcl
AFFQ010,ya exite,D:\simplesoft\admin.30\2\AFFQ010.pdf.pcl
AFFQ016,ya exite,D:\simplesoft\admin.30\2\AFFQ016.pdf.pcl
252115,ya exite,D:\simplesoft\admin.30\2\252115.pdf.pcl
12C151,ya exite,D:\simplesoft\admin.30\2\12C151.pdf.pcl
12J040,ya exite,D:\simplesoft\admin.30\2\12J040.pdf.pcl
12J041,ya exite,D:\simplesoft\admin.30\2\12J041.pdf.pcl
12L069,ya exite,D:\simplesoft\admin.30\2\12L069.pdf.pcl
13A120,ya exite,D:\simplesoft\admin.30\2\13A120.pdf.pcl
250602,ya exite,D:\simplesoft\admin.30\2\250602.pdf.pcl
N001,ya exite,D:\simplesoft\admin.30\2\N001.pdf.pcl
3CL 0017,ya exite,D:\simplesoft\admin.30\2\3CL 0017.pdf.pcl
3CL0018,ya exite,D:\simplesoft\admin.30\2\3CL0018.pdf.pcl
3CL0042,ya exite,D:\simplesoft\admin.30\2\3CL0042.pdf.pcl
0330113,ya exite,D:\simplesoft\admin.30\2\0330113.pdf.pcl
0340113,ya exite,D:\simplesoft\admin.30\2\0340113.pdf.pcl
1570312,ya exite,D:\simplesoft\admin.30\2\1570312.pdf.pcl
4961012-1,ya exite,D:\simplesoft\admin.30\2\4961012-1.pdf.pcl
6961112-1,ya exite,D:\simplesoft\admin.30\2\6961112-1.pdf.pcl
6971112,ya exite,D:\simplesoft\admin.30\2\6971112.pdf.pcl
6611112-1,ya exite,D:\simplesoft\admin.30\2\6611112-1.pdf.pcl
6621112,ya exite,D:\simplesoft\admin.30\2\6621112.pdf.pcl
2F563A,ya exite,D:\simplesoft\admin.30\2\2F563A.pdf.pcl
2F615A,ya exite,D:\simplesoft\admin.30\2\2F615A.pdf.pcl
2F642A,ya exite,D:\simplesoft\admin.30\2\2F642A.pdf.pcl
2F735A,ya exite,D:\simplesoft\admin.30\2\2F735A.pdf.pcl
3F826A,ya exite,D:\simplesoft\admin.30\2\3F826A.pdf.pcl
3F874A,ya exite,D:\simplesoft\admin.30\2\3F874A.pdf.pcl
2F593A,ya exite,D:\simplesoft\admin.30\2\2F593A.pdf.pcl
C3S055,ya exite,D:\simplesoft\admin.30\2\C3S055.pdf.pcl
C3S955,ya exite,D:\simplesoft\admin.30\2\C3S955.pdf.pcl
C3S956,ya exite,D:\simplesoft\admin.30\2\C3S956.pdf.pcl
D2Q842,ya exite,D:\simplesoft\admin.30\2\D2Q842.pdf.pcl
D3S958,ya exite,D:\simplesoft\admin.30\2\D3S958.pdf.pcl
C3S930,ya exite,D:\simplesoft\admin.30\2\C3S930.pdf.pcl
C3S932,ya exite,D:\simplesoft\admin.30\2\C3S932.pdf.pcl
C3S240,ya exite,D:\simplesoft\admin.30\2\C3S240.pdf.pcl
C3S242,ya exite,D:\simplesoft\admin.30\2\C3S242.pdf.pcl
C3S989,ya exite,D:\simplesoft\admin.30\2\C3S989.pdf.pcl
C3S993,ya exite,D:\simplesoft\admin.30\2\C3S993.pdf.pcl
D3S992,ya exite,D:\simplesoft\admin.30\2\D3S992.pdf.pcl
D3S992dorso,ya exite,D:\simplesoft\admin.30\2\D3S992dorso.pdf.pcl
2A405,ya exite,D:\simplesoft\admin.30\2\2A405.pdf.pcl
2A751,ya exite,D:\simplesoft\admin.30\2\2A751.pdf.pcl
2A803,ya exite,D:\simplesoft\admin.30\2\2A803.pdf.pcl
2A819,ya exite,D:\simplesoft\admin.30\2\2A819.pdf.pcl
1G24U,ya exite,D:\simplesoft\admin.30\2\1G24U.pdf.pcl
2GD1C,ya exite,D:\simplesoft\admin.30\2\2GD1C.pdf.pcl
2G48A,ya exite,D:\simplesoft\admin.30\2\2G48A.pdf.pcl
2GM5A,ya exite,D:\simplesoft\admin.30\2\2GM5A.pdf.pcl
3CL0111,ya exite,D:\simplesoft\admin.30\2\3CL0111.pdf.pcl
3CL0112,ya exite,D:\simplesoft\admin.30\2\3CL0112.pdf.pcl
3CL0118,ya exite,D:\simplesoft\admin.30\2\3CL0118.pdf.pcl
3CL0119,ya exite,D:\simplesoft\admin.30\2\3CL0119.pdf.pcl
3CL0131,ya exite,D:\simplesoft\admin.30\2\3CL0131.pdf.pcl
3CL0143,ya exite,D:\simplesoft\admin.30\2\3CL0143.pdf.pcl
3CL0181,ya exite,D:\simplesoft\admin.30\2\3CL0181.pdf.pcl
3CL0182,ya exite,D:\simplesoft\admin.30\2\3CL0182.pdf.pcl
3CL0183,ya exite,D:\simplesoft\admin.30\2\3CL0183.pdf.pcl
3CL0184,ya exite,D:\simplesoft\admin.30\2\3CL0184.pdf.pcl
3CL0356,ya exite,D:\simplesoft\admin.30\2\3CL0356.pdf.pcl
3CL0357,ya exite,D:\simplesoft\admin.30\2\3CL0357.pdf.pcl
3CL0358,ya exite,D:\simplesoft\admin.30\2\3CL0358.pdf.pcl
3CL0359,ya exite,D:\simplesoft\admin.30\2\3CL0359.pdf.pcl
3CL0363,ya exite,D:\simplesoft\admin.30\2\3CL0363.pdf.pcl
3CL0468,ya exite,D:\simplesoft\admin.30\2\3CL0468.pdf.pcl
3CL0614,ya exite,D:\simplesoft\admin.30\2\3CL0614.pdf.pcl
3CL0615,ya exite,D:\simplesoft\admin.30\2\3CL0615.pdf.pcl
3CL0616,ya exite,D:\simplesoft\admin.30\2\3CL0616.pdf.pcl
3CL0416,ya exite,D:\simplesoft\admin.30\2\3CL0416.pdf.pcl
3CL0026,ya exite,D:\simplesoft\admin.30\2\3CL0026.pdf.pcl
3CL0027,ya exite,D:\simplesoft\admin.30\2\3CL0027.pdf.pcl
3CL0440,ya exite,D:\simplesoft\admin.30\2\3CL0440.pdf.pcl
3CL0029,ya exite,D:\simplesoft\admin.30\2\3CL0029.pdf.pcl
3CL0030,ya exite,D:\simplesoft\admin.30\2\3CL0030.pdf.pcl
3CL0031,ya exite,D:\simplesoft\admin.30\2\3CL0031.pdf.pcl
3CL0032,ya exite,D:\simplesoft\admin.30\2\3CL0032.pdf.pcl
3CL0033,ya exite,D:\simplesoft\admin.30\2\3CL0033.pdf.pcl
3CL0351,ya exite,D:\simplesoft\admin.30\2\3CL0351.pdf.pcl
3CL0352,ya exite,D:\simplesoft\admin.30\2\3CL0352.pdf.pcl
3CL0354,ya exite,D:\simplesoft\admin.30\2\3CL0354.pdf.pcl
3CL0430,ya exite,D:\simplesoft\admin.30\2\3CL0430.pdf.pcl
3CL0431,ya exite,D:\simplesoft\admin.30\2\3CL0431.pdf.pcl
3CL0477,ya exite,D:\simplesoft\admin.30\2\3CL0477.pdf.pcl
3CL0203,ya exite,D:\simplesoft\admin.30\2\3CL0203.pdf.pcl
3CL0204,ya exite,D:\simplesoft\admin.30\2\3CL0204.pdf.pcl
3CL0201,ya exite,D:\simplesoft\admin.30\2\3CL0201.pdf.pcl
3CL0202,ya exite,D:\simplesoft\admin.30\2\3CL0202.pdf.pcl
3CL0196,ya exite,D:\simplesoft\admin.30\2\3CL0196.pdf.pcl
3CL0197,ya exite,D:\simplesoft\admin.30\2\3CL0197.pdf.pcl
3CL0198,ya exite,D:\simplesoft\admin.30\2\3CL0198.pdf.pcl
3CL0213,ya exite,D:\simplesoft\admin.30\2\3CL0213.pdf.pcl
3CL0416,ya exite,D:\simplesoft\admin.30\2\3CL0416.pdf.pcl
3CL0103,ya exite,D:\simplesoft\admin.30\2\3CL0103.pdf.pcl
310242,ya exite,D:\simplesoft\admin.30\2\310242.pdf.pcl
3CL0016,ya exite,D:\simplesoft\admin.30\2\3CL0016.pdf.pcl
3CL0038,ya exite,D:\simplesoft\admin.30\2\3CL0038.pdf.pcl
3CL0120,ya exite,D:\simplesoft\admin.30\2\3CL0120.pdf.pcl
3CL0021,ya exite,D:\simplesoft\admin.30\2\3CL0021.pdf.pcl
3CL0022,ya exite,D:\simplesoft\admin.30\2\3CL0022.pdf.pcl
3CL0454,ya exite,D:\simplesoft\admin.30\2\3CL0454.pdf.pcl
2V7531,ya exite,D:\simplesoft\admin.30\2\2V7531.pdf.pcl
310463,ya exite,D:\simplesoft\admin.30\2\310463.pdf.pcl
3CL0014,ya exite,D:\simplesoft\admin.30\2\3CL0014.pdf.pcl
3CL0015,ya exite,D:\simplesoft\admin.30\2\3CL0015.pdf.pcl
3CL0277,ya exite,D:\simplesoft\admin.30\2\3CL0277.pdf.pcl
3CL0012,ya exite,D:\simplesoft\admin.30\2\3CL0012.pdf.pcl
3CL0013,ya exite,D:\simplesoft\admin.30\2\3CL0013.pdf.pcl
3CL0233,ya exite,D:\simplesoft\admin.30\2\3CL0233.PDF.pcl
3CL0294,ya exite,D:\simplesoft\admin.30\2\3CL0294.pdf.pcl
3CL0295,ya exite,D:\simplesoft\admin.30\2\3CL0295.pdf.pcl
3CL0296,ya exite,D:\simplesoft\admin.30\2\3CL0296.pdf.pcl
3CL0297,ya exite,D:\simplesoft\admin.30\2\3CL0297.pdf.pcl
3CL0274,ya exite,D:\simplesoft\admin.30\2\3CL0274.pdf.pcl
3CL0276,ya exite,D:\simplesoft\admin.30\2\3CL0276.pdf.pcl
C120075,ya exite,D:\simplesoft\admin.30\2\C120075.pdf.pcl
C120111,ya exite,D:\simplesoft\admin.30\2\C120111.pdf.pcl
C130025,ya exite,D:\simplesoft\admin.30\2\C130025.pdf.pcl
C2042A02,ya exite,D:\simplesoft\admin.30\2\C2042A02.pdf.pcl
C2054Y01,ya exite,D:\simplesoft\admin.30\2\C2054Y01.pdf.pcl
3CL0671,ya exite,D:\simplesoft\admin.30\2\3CL0671.pdf.pcl
2SA01,ya exite,D:\simplesoft\admin.30\2\2SA01.pdf.pcl
2SM61,ya exite,D:\simplesoft\admin.30\2\2SM61.pdf.pcl
2SM71,ya exite,D:\simplesoft\admin.30\2\2SM71.pdf.pcl
2SN01,ya exite,D:\simplesoft\admin.30\2\2SN01.pdf.pcl
2SN06,ya exite,D:\simplesoft\admin.30\2\2SN06.pdf.pcl
2SN17,ya exite,D:\simplesoft\admin.30\2\2SN17.pdf.pcl
2SN99,ya exite,D:\simplesoft\admin.30\2\2SN99.pdf.pcl
2SV18,ya exite,D:\simplesoft\admin.30\2\2SV18.pdf.pcl
3SA00,ya exite,D:\simplesoft\admin.30\2\3SA00.pdf.pcl
3SA02,ya exite,D:\simplesoft\admin.30\2\3SA02.pdf.pcl
3SA04,ya exite,D:\simplesoft\admin.30\2\3SA04.pdf.pcl
2SM47,ya exite,D:\simplesoft\admin.30\2\2SM47.pdf.pcl
2SM50,ya exite,D:\simplesoft\admin.30\2\2SM50.pdf.pcl
2SV31,ya exite,D:\simplesoft\admin.30\2\2SV31.pdf.pcl
2SV41,ya exite,D:\simplesoft\admin.30\2\2SV41.pdf.pcl
2SM19,ya exite,D:\simplesoft\admin.30\2\2SM19.pdf.pcl
2SM22,ya exite,D:\simplesoft\admin.30\2\2SM22.pdf.pcl
2SV07,ya exite,D:\simplesoft\admin.30\2\2SV07.pdf.pcl
45A548,ya exite,D:\simplesoft\admin.30\2\45A548.pdf.pcl
42A547,ya exite,D:\simplesoft\admin.30\2\42A547.pdf.pcl
A120296,ya exite,D:\simplesoft\admin.30\2\A120296.pdf.pcl
A120565,ya exite,D:\simplesoft\admin.30\2\A120565.pdf.pcl
A120695,ya exite,D:\simplesoft\admin.30\2\A120695.pdf.pcl
K2003H09,ya exite,D:\simplesoft\admin.30\2\K2003H09.pdf.pcl
3CL0023,ya exite,D:\simplesoft\admin.30\2\3CL0023.pdf.pcl
3CL0024,ya exite,D:\simplesoft\admin.30\2\3CL0024.pdf.pcl
2A801,ya exite,D:\simplesoft\admin.30\2\2A801.pdf.pcl
2A851,ya exite,D:\simplesoft\admin.30\2\2A851.pdf.pcl
3CL0208,ya exite,D:\simplesoft\admin.30\2\3CL0208.pdf.pcl
3CL0209,ya exite,D:\simplesoft\admin.30\2\3CL0209.pdf.pcl
3CL0466,ya exite,D:\simplesoft\admin.30\2\3CL0466.pdf.pcl
2A411,ya exite,D:\simplesoft\admin.30\2\2A411.pdf.pcl
2A471,ya exite,D:\simplesoft\admin.30\2\2A471.pdf.pcl
2A322,ya exite,D:\simplesoft\admin.30\2\2A322.pdf.pcl
2A323,ya exite,D:\simplesoft\admin.30\2\2A323.pdf.pcl
2A324,ya exite,D:\simplesoft\admin.30\2\2A324.pdf.pcl
2A335,ya exite,D:\simplesoft\admin.30\2\2A335.pdf.pcl
2A336,ya exite,D:\simplesoft\admin.30\2\2A336.pdf.pcl
2A346,ya exite,D:\simplesoft\admin.30\2\2A346.pdf.pcl
2A347,ya exite,D:\simplesoft\admin.30\2\2A347.pdf.pcl
2A541,ya exite,D:\simplesoft\admin.30\2\2A541.pdf.pcl
2A580,ya exite,D:\simplesoft\admin.30\2\2A580.pdf.pcl
2A620,ya exite,D:\simplesoft\admin.30\2\2A620.pdf.pcl
3CL0220,ya exite,D:\simplesoft\admin.30\2\3CL0220.pdf.pcl
3CL0039,ya exite,D:\simplesoft\admin.30\2\3CL0039.pdf.pcl
3CL0040,ya exite,D:\simplesoft\admin.30\2\3CL0040.pdf.pcl
3CL0110,ya exite,D:\simplesoft\admin.30\2\3CL0110.pdf.pcl
3CL0113,ya exite,D:\simplesoft\admin.30\2\3CL0113.pdf.pcl
3CL0114,ya exite,D:\simplesoft\admin.30\2\3CL0114.pdf.pcl
3CL0115,ya exite,D:\simplesoft\admin.30\2\3CL0115.pdf.pcl
3CL0116,ya exite,D:\simplesoft\admin.30\2\3CL0116.pdf.pcl
3CL0135,ya exite,D:\simplesoft\admin.30\2\3CL0135.pdf.pcl
3CL0136,ya exite,D:\simplesoft\admin.30\2\3CL0136.pdf.pcl
3CL0137,ya exite,D:\simplesoft\admin.30\2\3CL0137.pdf.pcl
3CL0138,ya exite,D:\simplesoft\admin.30\2\3CL0138.pdf.pcl
3CL0139,ya exite,D:\simplesoft\admin.30\2\3CL0139.pdf.pcl
3CL0140,ya exite,D:\simplesoft\admin.30\2\3CL0140.pdf.pcl
3CL0306,ya exite,D:\simplesoft\admin.30\2\3CL0306.pdf.pcl
3CL0307,ya exite,D:\simplesoft\admin.30\2\3CL0307.pdf.pcl
3CL0308,ya exite,D:\simplesoft\admin.30\2\3CL0308.pdf.pcl
3CL0309,ya exite,D:\simplesoft\admin.30\2\3CL0309.pdf.pcl
3CL0310,ya exite,D:\simplesoft\admin.30\2\3CL0310.pdf.pcl
3CL0312,ya exite,D:\simplesoft\admin.30\2\3CL0312.pdf.pcl
3CL0315,ya exite,D:\simplesoft\admin.30\2\3CL0315.pdf.pcl
3CL0587,ya exite,D:\simplesoft\admin.30\2\3CL0587.PDF.pcl
3CL0588,ya exite,D:\simplesoft\admin.30\2\3CL0588.pdf.pcl
3CL0589,ya exite,D:\simplesoft\admin.30\2\3CL0589.pdf.pcl
3CL0595,ya exite,D:\simplesoft\admin.30\2\3CL0595.pdf.pcl
3CL0596,ya exite,D:\simplesoft\admin.30\2\3CL0596.pdf.pcl
3CL0680,ya exite,D:\simplesoft\admin.30\2\3CL0680.pdf.pcl
3CL0681,ya exite,D:\simplesoft\admin.30\2\3CL0681.pdf.pcl
3CL0695,ya exite,D:\simplesoft\admin.30\2\3CL0695.pdf.pcl
3CL0668,ya exite,D:\simplesoft\admin.30\2\3CL0668.pdf.pcl
3CL0070,ya exite,D:\simplesoft\admin.30\2\3CL0070.pdf.pcl
A130019,ya exite,D:\simplesoft\admin.30\2\A130019.pdf.pcl
2A117,ya exite,D:\simplesoft\admin.30\2\2A117.pdf.pcl
2R070,ya exite,D:\simplesoft\admin.30\2\2R070.pdf.pcl
2Y011,ya exite,D:\simplesoft\admin.30\2\2Y011.pdf.pcl
